{"uuid":"ab0ecfa9-a85a-4973-b1d9-3e6aab407532","historyId":"12e80791a5d5d2e3c5b92c2c238b165c","fullName":"testCases.TS_002_LoginTest.loginTest","labels":[{"name":"package","value":"testCases.TS_002_LoginTest"},{"name":"testClass","value":"testCases.TS_002_LoginTest"},{"name":"testMethod","value":"loginTest"},{"name":"parentSuite","value":"Master Suite"},{"name":"suite","value":"Master Test"},{"name":"subSuite","value":"testCases.TS_002_LoginTest"},{"name":"host","value":"DESKTOP-99BJJHQ"},{"name":"thread","value":"6580@DESKTOP-99BJJHQ.main(1)"},{"name":"framework","value":"testng"},{"name":"language","value":"java"},{"name":"feature","value":"OpenCart Ecommerce Application"},{"name":"story","value":"Validate the Login Functionality in OpenCart"},{"name":"severity","value":"critical"}],"links":[],"name":"loginTest","status":"failed","statusDetails":{"known":false,"muted":false,"flaky":false,"message":"java.lang.AssertionError","trace":"java.lang.AssertionError\r\n\tat org.junit.Assert.fail(Assert.java:87)\r\n\tat org.junit.Assert.fail(Assert.java:96)\r\n\tat testCases.TS_002_LoginTest.loginTest(TS_002_LoginTest.java:58)\r\n\tat java.base/jdk.internal.reflect.NativeMethodAccessorImpl.invoke0(Native Method)\r\n\tat java.base/jdk.internal.reflect.NativeMethodAccessorImpl.invoke(NativeMethodAccessorImpl.java:62)\r\n\tat java.base/jdk.internal.reflect.DelegatingMethodAccessorImpl.invoke(DelegatingMethodAccessorImpl.java:43)\r\n\tat java.base/java.lang.reflect.Method.invoke(Method.java:566)\r\n\tat org.testng.internal.MethodInvocationHelper.invokeMethod(MethodInvocationHelper.java:124)\r\n\tat org.testng.internal.Invoker.invokeMethod(Invoker.java:583)\r\n\tat org.testng.internal.Invoker.invokeTestMethod(Invoker.java:719)\r\n\tat org.testng.internal.Invoker.invokeTestMethods(Invoker.java:989)\r\n\tat org.testng.internal.TestMethodWorker.invokeTestMethods(TestMethodWorker.java:125)\r\n\tat org.testng.internal.TestMethodWorker.run(TestMethodWorker.java:109)\r\n\tat org.testng.TestRunner.privateRun(TestRunner.java:648)\r\n\tat org.testng.TestRunner.run(TestRunner.java:505)\r\n\tat org.testng.SuiteRunner.runTest(SuiteRunner.java:455)\r\n\tat org.testng.SuiteRunner.runSequentially(SuiteRunner.java:450)\r\n\tat org.testng.SuiteRunner.privateRun(SuiteRunner.java:415)\r\n\tat org.testng.SuiteRunner.run(SuiteRunner.java:364)\r\n\tat org.testng.SuiteRunnerWorker.runSuite(SuiteRunnerWorker.java:52)\r\n\tat org.testng.SuiteRunnerWorker.run(SuiteRunnerWorker.java:84)\r\n\tat org.testng.TestNG.runSuitesSequentially(TestNG.java:1208)\r\n\tat org.testng.TestNG.runSuitesLocally(TestNG.java:1137)\r\n\tat org.testng.TestNG.runSuites(TestNG.java:1049)\r\n\tat org.testng.TestNG.run(TestNG.java:1017)\r\n\tat org.apache.maven.surefire.testng.TestNGExecutor.run(TestNGExecutor.java:308)\r\n\tat org.apache.maven.surefire.testng.TestNGXmlTestSuite.execute(TestNGXmlTestSuite.java:71)\r\n\tat org.apache.maven.surefire.testng.TestNGProvider.invoke(TestNGProvider.java:113)\r\n\tat org.apache.maven.surefire.booter.ForkedBooter.runSuitesInProcess(ForkedBooter.java:385)\r\n\tat org.apache.maven.surefire.booter.ForkedBooter.execute(ForkedBooter.java:162)\r\n\tat org.apache.maven.surefire.booter.ForkedBooter.run(ForkedBooter.java:507)\r\n\tat org.apache.maven.surefire.booter.ForkedBooter.main(ForkedBooter.java:495)\r\n"},"stage":"finished","description":"Validate the Login Functionality By Giving Valid Credentials","steps":[{"name":"*****Starting Login Account Test*****","status":"passed","stage":"finished","steps":[],"attachments":[],"parameters":[],"start":1742814716226,"stop":1742814716226},{"name":"*****Validate the Presence of My Account*****","status":"passed","stage":"finished","steps":[],"attachments":[],"parameters":[],"start":1742814717910,"stop":1742814717910},{"name":"java.lang.AssertionError","status":"passed","stage":"finished","steps":[],"attachments":[],"parameters":[],"start":1742814719102,"stop":1742814719102},{"name":"*****Test Failed*****","status":"passed","stage":"finished","steps":[],"attachments":[],"parameters":[],"start":1742814720456,"stop":1742814720456}],"attachments":[{"name":"Screenshot For Failure","source":"aa9d1f0c-f47a-42d3-8ea8-343370ba7930-attachment"}],"parameters":[{"name":"os","value":"windows"},{"name":"browser","value":"chrome"}],"start":1742814716225,"stop":1742814722001}