{"uuid":"c5bdcd6e-0007-4dda-bdf1-4811896271d5","historyId":"12e80791a5d5d2e3c5b92c2c238b165c","fullName":"testCases.TS_002_LoginTest.loginTest","labels":[{"name":"package","value":"testCases.TS_002_LoginTest"},{"name":"testClass","value":"testCases.TS_002_LoginTest"},{"name":"testMethod","value":"loginTest"},{"name":"parentSuite","value":"Master Suite"},{"name":"suite","value":"Master Test"},{"name":"subSuite","value":"testCases.TS_002_LoginTest"},{"name":"host","value":"DESKTOP-99BJJHQ"},{"name":"thread","value":"5236@DESKTOP-99BJJHQ.main(1)"},{"name":"framework","value":"testng"},{"name":"language","value":"java"},{"name":"feature","value":"OpenCart Ecommerce Application"},{"name":"story","value":"Validate the Login Functionality in OpenCart"},{"name":"severity","value":"critical"}],"links":[],"name":"loginTest","status":"failed","statusDetails":{"known":false,"muted":false,"flaky":false,"message":"java.lang.AssertionError","trace":"java.lang.AssertionError\r\n\tat org.junit.Assert.fail(Assert.java:87)\r\n\tat org.junit.Assert.fail(Assert.java:96)\r\n\tat testCases.TS_002_LoginTest.loginTest(TS_002_LoginTest.java:58)\r\n\tat java.base/jdk.internal.reflect.NativeMethodAccessorImpl.invoke0(Native Method)\r\n\tat java.base/jdk.internal.reflect.NativeMethodAccessorImpl.invoke(NativeMethodAccessorImpl.java:62)\r\n\tat java.base/jdk.internal.reflect.DelegatingMethodAccessorImpl.invoke(DelegatingMethodAccessorImpl.java:43)\r\n\tat java.base/java.lang.reflect.Method.invoke(Method.java:566)\r\n\tat org.testng.internal.MethodInvocationHelper.invokeMethod(MethodInvocationHelper.java:124)\r\n\tat org.testng.internal.Invoker.invokeMethod(Invoker.java:583)\r\n\tat org.testng.internal.Invoker.invokeTestMethod(Invoker.java:719)\r\n\tat org.testng.internal.Invoker.invokeTestMethods(Invoker.java:989)\r\n\tat org.testng.internal.TestMethodWorker.invokeTestMethods(TestMethodWorker.java:125)\r\n\tat org.testng.internal.TestMethodWorker.run(TestMethodWorker.java:109)\r\n\tat org.testng.TestRunner.privateRun(TestRunner.java:648)\r\n\tat org.testng.TestRunner.run(TestRunner.java:505)\r\n\tat org.testng.SuiteRunner.runTest(SuiteRunner.java:455)\r\n\tat org.testng.SuiteRunner.runSequentially(SuiteRunner.java:450)\r\n\tat org.testng.SuiteRunner.privateRun(SuiteRunner.java:415)\r\n\tat org.testng.SuiteRunner.run(SuiteRunner.java:364)\r\n\tat org.testng.SuiteRunnerWorker.runSuite(SuiteRunnerWorker.java:52)\r\n\tat org.testng.SuiteRunnerWorker.run(SuiteRunnerWorker.java:84)\r\n\tat org.testng.TestNG.runSuitesSequentially(TestNG.java:1208)\r\n\tat org.testng.TestNG.runSuitesLocally(TestNG.java:1137)\r\n\tat org.testng.TestNG.runSuites(TestNG.java:1049)\r\n\tat org.testng.TestNG.run(TestNG.java:1017)\r\n\tat org.testng.remote.AbstractRemoteTestNG.run(AbstractRemoteTestNG.java:132)\r\n\tat org.testng.remote.RemoteTestNG.initAndRun(RemoteTestNG.java:236)\r\n\tat org.testng.remote.RemoteTestNG.main(RemoteTestNG.java:81)\r\n"},"stage":"finished","description":"Validate the Login Functionality By Giving Valid Credentials","steps":[{"name":"*****Starting Login Account Test*****","status":"passed","stage":"finished","steps":[],"attachments":[],"parameters":[],"start":1742991758008,"stop":1742991758008},{"name":"*****Validate the Presence of My Account*****","status":"passed","stage":"finished","steps":[],"attachments":[],"parameters":[],"start":1742991759853,"stop":1742991759853},{"name":"java.lang.AssertionError","status":"passed","stage":"finished","steps":[],"attachments":[],"parameters":[],"start":1742991759900,"stop":1742991759900},{"name":"*****Test Failed*****","status":"passed","stage":"finished","steps":[],"attachments":[],"parameters":[],"start":1742991760390,"stop":1742991760390}],"attachments":[{"name":"Screenshot For Failure","source":"6cc19acd-a442-4df9-a738-c02075470c9e-attachment"}],"parameters":[{"name":"os","value":"windows"},{"name":"browser","value":"chrome"}],"start":1742991758007,"stop":1742991760675}