<?xml version="1.0" encoding="UTF-8"?>
<testng-results ignored="0" total="7" passed="5" failed="2" skipped="0">
  <reporter-output>
  </reporter-output>
  <suite started-at="2025-03-23T06:33:50Z" name="Master Suite" finished-at="2025-03-23T06:35:28Z" duration-ms="97817">
    <groups>
      <group name="regression">
        <method signature="TS_001_AccountRegistrationTest.registerAccountTest()[pri:0, instance:testCases.TS_001_AccountRegistrationTest@55cf0d14]" name="registerAccountTest" class="testCases.TS_001_AccountRegistrationTest"/>
        <method signature="TS_002_LoginTest.loginTest()[pri:0, instance:testCases.TS_002_LoginTest@3b74ac8]" name="loginTest" class="testCases.TS_002_LoginTest"/>
        <method signature="TS_003_LoginDDTest.loginDDT(java.lang.String, java.lang.String, java.lang.String)[pri:0, instance:testCases.TS_003_LoginDDTest@27adc16e]" name="loginDDT" class="testCases.TS_003_LoginDDTest"/>
      </group> <!-- regression -->
      <group name="sanity">
        <method signature="TS_001_AccountRegistrationTest.registerAccountTest()[pri:0, instance:testCases.TS_001_AccountRegistrationTest@55cf0d14]" name="registerAccountTest" class="testCases.TS_001_AccountRegistrationTest"/>
        <method signature="TS_002_LoginTest.loginTest()[pri:0, instance:testCases.TS_002_LoginTest@3b74ac8]" name="loginTest" class="testCases.TS_002_LoginTest"/>
      </group> <!-- sanity -->
      <group name="master">
        <method signature="TS_001_AccountRegistrationTest.registerAccountTest()[pri:0, instance:testCases.TS_001_AccountRegistrationTest@55cf0d14]" name="registerAccountTest" class="testCases.TS_001_AccountRegistrationTest"/>
        <method signature="TS_002_LoginTest.loginTest()[pri:0, instance:testCases.TS_002_LoginTest@3b74ac8]" name="loginTest" class="testCases.TS_002_LoginTest"/>
        <method signature="TS_003_LoginDDTest.loginDDT(java.lang.String, java.lang.String, java.lang.String)[pri:0, instance:testCases.TS_003_LoginDDTest@27adc16e]" name="loginDDT" class="testCases.TS_003_LoginDDTest"/>
      </group> <!-- master -->
    </groups>
    <test started-at="2025-03-23T06:33:50Z" name="Master Test" finished-at="2025-03-23T06:35:28Z" duration-ms="97817">
      <class name="testCases.TS_001_AccountRegistrationTest">
        <test-method is-config="true" signature="setUp(java.lang.String, java.lang.String)[pri:0, instance:testCases.TS_001_AccountRegistrationTest@55cf0d14]" started-at="2025-03-23T06:33:51Z" name="setUp" finished-at="2025-03-23T06:34:05Z" duration-ms="14059" status="PASS">
          <params>
            <param index="0">
              <value>
                <![CDATA[windows]]>
              </value>
            </param>
            <param index="1">
              <value>
                <![CDATA[firefox]]>
              </value>
            </param>
          </params>
          <reporter-output>
          </reporter-output>
        </test-method> <!-- setUp -->
        <test-method signature="registerAccountTest()[pri:0, instance:testCases.TS_001_AccountRegistrationTest@55cf0d14]" started-at="2025-03-23T06:34:05Z" name="registerAccountTest" finished-at="2025-03-23T06:34:12Z" duration-ms="7135" status="PASS">
          <reporter-output>
          </reporter-output>
        </test-method> <!-- registerAccountTest -->
        <test-method is-config="true" signature="tearDown()[pri:0, instance:testCases.TS_001_AccountRegistrationTest@55cf0d14]" started-at="2025-03-23T06:34:12Z" name="tearDown" finished-at="2025-03-23T06:34:14Z" duration-ms="1606" status="PASS">
          <reporter-output>
          </reporter-output>
        </test-method> <!-- tearDown -->
      </class> <!-- testCases.TS_001_AccountRegistrationTest -->
      <class name="testCases.TS_003_LoginDDTest">
        <test-method is-config="true" signature="setUp(java.lang.String, java.lang.String)[pri:0, instance:testCases.TS_003_LoginDDTest@27adc16e]" started-at="2025-03-23T06:34:28Z" name="setUp" finished-at="2025-03-23T06:34:43Z" duration-ms="14359" status="PASS">
          <params>
            <param index="0">
              <value>
                <![CDATA[windows]]>
              </value>
            </param>
            <param index="1">
              <value>
                <![CDATA[firefox]]>
              </value>
            </param>
          </params>
          <reporter-output>
          </reporter-output>
        </test-method> <!-- setUp -->
        <test-method signature="loginDDT(java.lang.String, java.lang.String, java.lang.String)[pri:0, instance:testCases.TS_003_LoginDDTest@27adc16e]" started-at="2025-03-23T06:34:46Z" name="loginDDT" data-provider="LoginData" finished-at="2025-03-23T06:34:48Z" duration-ms="2794" status="PASS">
          <params>
            <param index="0">
              <value>
                <![CDATA[asasikumar0505@gmail.com]]>
              </value>
            </param>
            <param index="1">
              <value>
                <![CDATA[preethi04]]>
              </value>
            </param>
            <param index="2">
              <value>
                <![CDATA[valid]]>
              </value>
            </param>
          </params>
          <reporter-output>
          </reporter-output>
        </test-method> <!-- loginDDT -->
        <test-method signature="loginDDT(java.lang.String, java.lang.String, java.lang.String)[pri:0, instance:testCases.TS_003_LoginDDTest@27adc16e]" started-at="2025-03-23T06:34:48Z" name="loginDDT" data-provider="LoginData" finished-at="2025-03-23T06:35:00Z" duration-ms="11774" status="PASS">
          <params>
            <param index="0">
              <value>
                <![CDATA[anniyanvikram45@gmail.com]]>
              </value>
            </param>
            <param index="1">
              <value>
                <![CDATA[preethi34]]>
              </value>
            </param>
            <param index="2">
              <value>
                <![CDATA[invalid]]>
              </value>
            </param>
          </params>
          <reporter-output>
          </reporter-output>
        </test-method> <!-- loginDDT -->
        <test-method signature="loginDDT(java.lang.String, java.lang.String, java.lang.String)[pri:0, instance:testCases.TS_003_LoginDDTest@27adc16e]" started-at="2025-03-23T06:35:00Z" name="loginDDT" data-provider="LoginData" finished-at="2025-03-23T06:35:11Z" duration-ms="11206" status="FAIL">
          <params>
            <param index="0">
              <value>
                <![CDATA[alex.miller23@yahoo.com]]>
              </value>
            </param>
            <param index="1">
              <value>
                <![CDATA[preethi35]]>
              </value>
            </param>
            <param index="2">
              <value>
                <![CDATA[valid]]>
              </value>
            </param>
          </params>
          <exception class="java.lang.AssertionError">
            <full-stacktrace>
              <![CDATA[java.lang.AssertionError
at org.junit.Assert.fail(Assert.java:87)
at org.junit.Assert.assertTrue(Assert.java:42)
at org.junit.Assert.assertTrue(Assert.java:53)
at testCases.TS_003_LoginDDTest.loginDDT(TS_003_LoginDDTest.java:59)
at java.base/jdk.internal.reflect.NativeMethodAccessorImpl.invoke0(Native Method)
at java.base/jdk.internal.reflect.NativeMethodAccessorImpl.invoke(NativeMethodAccessorImpl.java:62)
at java.base/jdk.internal.reflect.DelegatingMethodAccessorImpl.invoke(DelegatingMethodAccessorImpl.java:43)
at java.base/java.lang.reflect.Method.invoke(Method.java:566)
at org.testng.internal.MethodInvocationHelper.invokeMethod(MethodInvocationHelper.java:124)
at org.testng.internal.Invoker.invokeMethod(Invoker.java:583)
at org.testng.internal.Invoker.invokeTestMethod(Invoker.java:719)
at org.testng.internal.Invoker.invokeTestMethods(Invoker.java:989)
at org.testng.internal.TestMethodWorker.invokeTestMethods(TestMethodWorker.java:125)
at org.testng.internal.TestMethodWorker.run(TestMethodWorker.java:109)
at org.testng.TestRunner.privateRun(TestRunner.java:648)
at org.testng.TestRunner.run(TestRunner.java:505)
at org.testng.SuiteRunner.runTest(SuiteRunner.java:455)
at org.testng.SuiteRunner.runSequentially(SuiteRunner.java:450)
at org.testng.SuiteRunner.privateRun(SuiteRunner.java:415)
at org.testng.SuiteRunner.run(SuiteRunner.java:364)
at org.testng.SuiteRunnerWorker.runSuite(SuiteRunnerWorker.java:52)
at org.testng.SuiteRunnerWorker.run(SuiteRunnerWorker.java:84)
at org.testng.TestNG.runSuitesSequentially(TestNG.java:1208)
at org.testng.TestNG.runSuitesLocally(TestNG.java:1137)
at org.testng.TestNG.runSuites(TestNG.java:1049)
at org.testng.TestNG.run(TestNG.java:1017)
at org.testng.remote.AbstractRemoteTestNG.run(AbstractRemoteTestNG.java:132)
at org.testng.remote.RemoteTestNG.initAndRun(RemoteTestNG.java:236)
at org.testng.remote.RemoteTestNG.main(RemoteTestNG.java:81)
]]>
            </full-stacktrace>
          </exception> <!-- java.lang.AssertionError -->
          <reporter-output>
          </reporter-output>
        </test-method> <!-- loginDDT -->
        <test-method signature="loginDDT(java.lang.String, java.lang.String, java.lang.String)[pri:0, instance:testCases.TS_003_LoginDDTest@27adc16e]" started-at="2025-03-23T06:35:12Z" name="loginDDT" data-provider="LoginData" finished-at="2025-03-23T06:35:24Z" duration-ms="12226" status="PASS">
          <params>
            <param index="0">
              <value>
                <![CDATA[demo@tempmail.net]]>
              </value>
            </param>
            <param index="1">
              <value>
                <![CDATA[preethi05]]>
              </value>
            </param>
            <param index="2">
              <value>
                <![CDATA[invalid]]>
              </value>
            </param>
          </params>
          <reporter-output>
          </reporter-output>
        </test-method> <!-- loginDDT -->
        <test-method signature="loginDDT(java.lang.String, java.lang.String, java.lang.String)[pri:0, instance:testCases.TS_003_LoginDDTest@27adc16e]" started-at="2025-03-23T06:35:24Z" name="loginDDT" data-provider="LoginData" finished-at="2025-03-23T06:35:26Z" duration-ms="1943" status="PASS">
          <params>
            <param index="0">
              <value>
                <![CDATA[narmathasivalingam23@gmail.com]]>
              </value>
            </param>
            <param index="1">
              <value>
                <![CDATA[preethi05]]>
              </value>
            </param>
            <param index="2">
              <value>
                <![CDATA[valid]]>
              </value>
            </param>
          </params>
          <reporter-output>
          </reporter-output>
        </test-method> <!-- loginDDT -->
        <test-method is-config="true" signature="tearDown()[pri:0, instance:testCases.TS_003_LoginDDTest@27adc16e]" started-at="2025-03-23T06:35:26Z" name="tearDown" finished-at="2025-03-23T06:35:28Z" duration-ms="1590" status="PASS">
          <reporter-output>
          </reporter-output>
        </test-method> <!-- tearDown -->
      </class> <!-- testCases.TS_003_LoginDDTest -->
      <class name="testCases.TS_002_LoginTest">
        <test-method is-config="true" signature="setUp(java.lang.String, java.lang.String)[pri:0, instance:testCases.TS_002_LoginTest@3b74ac8]" started-at="2025-03-23T06:34:14Z" name="setUp" finished-at="2025-03-23T06:34:23Z" duration-ms="9010" status="PASS">
          <params>
            <param index="0">
              <value>
                <![CDATA[windows]]>
              </value>
            </param>
            <param index="1">
              <value>
                <![CDATA[firefox]]>
              </value>
            </param>
          </params>
          <reporter-output>
          </reporter-output>
        </test-method> <!-- setUp -->
        <test-method signature="loginTest()[pri:0, instance:testCases.TS_002_LoginTest@3b74ac8]" started-at="2025-03-23T06:34:23Z" name="loginTest" finished-at="2025-03-23T06:34:25Z" duration-ms="2558" status="FAIL">
          <exception class="java.lang.AssertionError">
            <full-stacktrace>
              <![CDATA[java.lang.AssertionError
at org.junit.Assert.fail(Assert.java:87)
at org.junit.Assert.fail(Assert.java:96)
at testCases.TS_002_LoginTest.loginTest(TS_002_LoginTest.java:58)
at java.base/jdk.internal.reflect.NativeMethodAccessorImpl.invoke0(Native Method)
at java.base/jdk.internal.reflect.NativeMethodAccessorImpl.invoke(NativeMethodAccessorImpl.java:62)
at java.base/jdk.internal.reflect.DelegatingMethodAccessorImpl.invoke(DelegatingMethodAccessorImpl.java:43)
at java.base/java.lang.reflect.Method.invoke(Method.java:566)
at org.testng.internal.MethodInvocationHelper.invokeMethod(MethodInvocationHelper.java:124)
at org.testng.internal.Invoker.invokeMethod(Invoker.java:583)
at org.testng.internal.Invoker.invokeTestMethod(Invoker.java:719)
at org.testng.internal.Invoker.invokeTestMethods(Invoker.java:989)
at org.testng.internal.TestMethodWorker.invokeTestMethods(TestMethodWorker.java:125)
at org.testng.internal.TestMethodWorker.run(TestMethodWorker.java:109)
at org.testng.TestRunner.privateRun(TestRunner.java:648)
at org.testng.TestRunner.run(TestRunner.java:505)
at org.testng.SuiteRunner.runTest(SuiteRunner.java:455)
at org.testng.SuiteRunner.runSequentially(SuiteRunner.java:450)
at org.testng.SuiteRunner.privateRun(SuiteRunner.java:415)
at org.testng.SuiteRunner.run(SuiteRunner.java:364)
at org.testng.SuiteRunnerWorker.runSuite(SuiteRunnerWorker.java:52)
at org.testng.SuiteRunnerWorker.run(SuiteRunnerWorker.java:84)
at org.testng.TestNG.runSuitesSequentially(TestNG.java:1208)
at org.testng.TestNG.runSuitesLocally(TestNG.java:1137)
at org.testng.TestNG.runSuites(TestNG.java:1049)
at org.testng.TestNG.run(TestNG.java:1017)
at org.testng.remote.AbstractRemoteTestNG.run(AbstractRemoteTestNG.java:132)
at org.testng.remote.RemoteTestNG.initAndRun(RemoteTestNG.java:236)
at org.testng.remote.RemoteTestNG.main(RemoteTestNG.java:81)
]]>
            </full-stacktrace>
          </exception> <!-- java.lang.AssertionError -->
          <reporter-output>
          </reporter-output>
        </test-method> <!-- loginTest -->
        <test-method is-config="true" signature="tearDown()[pri:0, instance:testCases.TS_002_LoginTest@3b74ac8]" started-at="2025-03-23T06:34:26Z" name="tearDown" finished-at="2025-03-23T06:34:28Z" duration-ms="2460" status="PASS">
          <reporter-output>
          </reporter-output>
        </test-method> <!-- tearDown -->
      </class> <!-- testCases.TS_002_LoginTest -->
    </test> <!-- Master Test -->
  </suite> <!-- Master Suite -->
</testng-results>
